test_get_nb_char (__main__.TestExercice) ... FAIL
test_get_nb_words (__main__.TestExercice) ... ERROR
test_pair (__main__.TestExercice) ... FAIL
test_remove_third_char (__main__.TestExercice) ... ok
test_replace_char (__main__.TestExercice) ... FAIL

======================================================================
ERROR: test_get_nb_words (__main__.TestExercice)
----------------------------------------------------------------------
Traceback (most recent call last):
  File "/Users/marcawaad/Documents/GitHub/c03_ch4_exercices-MarcAwaad/test_exercice.py", line 75, in test_get_nb_words
    output = [exercice.get_nb_words(v[0], v[1]) for v in values]
  File "/Users/marcawaad/Documents/GitHub/c03_ch4_exercices-MarcAwaad/test_exercice.py", line 75, in <listcomp>
    output = [exercice.get_nb_words(v[0], v[1]) for v in values]
TypeError: get_nb_words() takes 1 positional argument but 2 were given

======================================================================
FAIL: test_get_nb_char (__main__.TestExercice)
----------------------------------------------------------------------
Traceback (most recent call last):
  File "/Users/marcawaad/Documents/GitHub/c03_ch4_exercices-MarcAwaad/test_exercice.py", line 62, in test_get_nb_char
    self.assertListEqual(
AssertionError: Lists differ: [0, 0, 0] != [4, 1, 0]

First differing element 0:
0
4

- [0, 0, 0]
?  ^  ^

+ [4, 1, 0]
?  ^  ^
 : Mauvais calcul du nombre d'occurences du caractère

======================================================================
FAIL: test_pair (__main__.TestExercice)
----------------------------------------------------------------------
Traceback (most recent call last):
  File "/Users/marcawaad/Documents/GitHub/c03_ch4_exercices-MarcAwaad/test_exercice.py", line 18, in test_pair
    self.assertListEqual(
AssertionError: Lists differ: [True, None, None] != [True, False, False]

First differing element 1:
None
False

- [True, None, None]
+ [True, False, False] : Mauvaise identification de la parité de la longueur de la chaine

======================================================================
FAIL: test_replace_char (__main__.TestExercice)
----------------------------------------------------------------------
Traceback (most recent call last):
  File "/Users/marcawaad/Documents/GitHub/c03_ch4_exercices-MarcAwaad/test_exercice.py", line 46, in test_replace_char
    self.assertListEqual(
AssertionError: Lists differ: ['', '', ''] != ['hey yad!', 'bbbbbb', 'a1234']

First differing element 0:
''
'hey yad!'

- ['', '', '']
+ ['hey yad!', 'bbbbbb', 'a1234'] : Erreur dans le remplacement de caractère

----------------------------------------------------------------------
Ran 5 tests in 0.005s

FAILED (failures=3, errors=1)
